
2025-04-25T10:27:39+0200 - INFO - Admin Local - __main__ - Connecté
2025-04-25T10:27:39+0200 - WARNING - Admin Local - __main__ - Stock critique pour Javelin Missile: 1 (PUR: 300.0€)
2025-04-25T10:27:39+0200 - WARNING - Admin Local - __main__ - Stock critique pour Nuclear Warhead: 0 (PUR: 1000.0€)
2025-04-25T10:27:53+0200 - INFO - Admin Local - settings - Tentative de changement du chemin... en construction...
2025-04-25T10:27:53+0200 - INFO - Admin Local - __main__ - Déconnexion
2025-04-25T10:32:17+0200 - INFO - Admin Local - __main__ - Connecté
2025-04-25T10:32:17+0200 - WARNING - Admin Local - __main__ - Stock critique pour Javelin Missile: 1 (PUR: 300.0€)
2025-04-25T10:32:17+0200 - WARNING - Admin Local - __main__ - Stock critique pour Nuclear Warhead: 0 (PUR: 1000.0€)
2025-04-25T10:32:26+0200 - INFO - Admin Local - __main__ - Retrait de 500 munitions de 9mm (Stock: 870->370)
2025-04-25T10:32:26+0200 - WARNING - Admin Local - __main__ - Stock critique pour Javelin Missile: 1 (PUR: 300.0€)
2025-04-25T10:32:26+0200 - WARNING - Admin Local - __main__ - Stock critique pour Nuclear Warhead: 0 (PUR: 1000.0€)
2025-04-25T10:32:26+0200 - INFO - Admin Local - __main__ - Déconnexion
2025-04-25T10:32:36+0200 - INFO - Admin Local - __main__ - Connecté
2025-04-25T10:32:36+0200 - WARNING - Admin Local - __main__ - Stock critique pour Javelin Missile: 1 (PUR: 300.0€)
2025-04-25T10:32:36+0200 - WARNING - Admin Local - __main__ - Stock critique pour Nuclear Warhead: 0 (PUR: 1000.0€)
2025-04-25T10:32:51+0200 - INFO - Admin Local - __main__ - Déconnexion
2025-04-25T10:54:28+0200 - INFO - Admin Local - __main__ - Connecté
2025-04-25T10:54:28+0200 - WARNING - Admin Local - __main__ - Stock critique pour Javelin Missile: 1 (PUR: 300.0€)
2025-04-25T10:54:28+0200 - WARNING - Admin Local - __main__ - Stock critique pour Nuclear Warhead: 0 (PUR: 1000.0€)
2025-04-25T10:54:38+0200 - INFO - Admin Local - __main__ - Déconnexion
2025-04-25T10:55:58+0200 - INFO - Admin Local - __main__ - Connecté
2025-04-25T10:55:58+0200 - WARNING - Admin Local - __main__ - Stock critique pour Javelin Missile: 1 (PUR: 300.0€)
2025-04-25T10:55:58+0200 - WARNING - Admin Local - __main__ - Stock critique pour Nuclear Warhead: 0 (PUR: 1000.0€)
2025-04-25T10:57:23+0200 - INFO - Admin Local - __main__ - Connecté
2025-04-25T10:57:23+0200 - WARNING - Admin Local - __main__ - Stock critique pour Javelin Missile: 1 (PUR: 300.0€)
2025-04-25T10:57:23+0200 - WARNING - Admin Local - __main__ - Stock critique pour Nuclear Warhead: 0 (PUR: 1000.0€)
2025-04-25T10:58:24+0200 - INFO - Admin Local - __main__ - Connecté
2025-04-25T10:58:24+0200 - WARNING - Admin Local - __main__ - Stock critique pour Javelin Missile: 1 (PUR: 300.0€)
2025-04-25T10:58:24+0200 - WARNING - Admin Local - __main__ - Stock critique pour Nuclear Warhead: 0 (PUR: 1000.0€)
2025-04-25T10:59:39+0200 - INFO - Admin Local - __main__ - Connecté
2025-04-25T10:59:39+0200 - WARNING - Admin Local - __main__ - Stock critique pour Javelin Missile: 1 (PUR: 300.0€)
2025-04-25T10:59:39+0200 - WARNING - Admin Local - __main__ - Stock critique pour Nuclear Warhead: 0 (PUR: 1000.0€)
2025-04-25T11:00:03+0200 - INFO - Admin Local - __main__ - Connecté
2025-04-25T11:00:03+0200 - WARNING - Admin Local - __main__ - Stock critique pour Javelin Missile: 1 (PUR: 300.0€)
2025-04-25T11:00:03+0200 - WARNING - Admin Local - __main__ - Stock critique pour Nuclear Warhead: 0 (PUR: 1000.0€)
2025-04-25T11:00:16+0200 - INFO - Admin Local - settings - Tentative de changement du chemin... en construction...
2025-04-25T11:00:24+0200 - INFO - Admin Local - __main__ - Déconnexion
